This is XeTeX, Version 3.14159265-2.6-0.999991 (TeX Live 2019/W32TeX) (preloaded format=xelatex 2019.8.22)  22 AUG 2019 15:54
entering extended mode
 restricted \write18 enabled.
 %&-line parsing enabled.
**grizzly-bear-status-indicator.tex
(./grizzly-bear-status-indicator.tex
LaTeX2e <2018-12-01>

(c:/Users/genperk/AppData/Roaming/TinyTeX/texmf-dist/tex/latex/koma-script/scra
rtcl.cls
Document Class: scrartcl 2019/02/01 v3.26b KOMA-Script document class (article)


(c:/Users/genperk/AppData/Roaming/TinyTeX/texmf-dist/tex/latex/koma-script/scrk
base.sty
Package: scrkbase 2019/02/01 v3.26b KOMA-Script package (KOMA-Script-dependent 
basics and keyval usage)

(c:/Users/genperk/AppData/Roaming/TinyTeX/texmf-dist/tex/latex/koma-script/scrb
ase.sty
Package: scrbase 2019/02/01 v3.26b KOMA-Script package (KOMA-Script-independent
 basics and keyval usage)

(c:/Users/genperk/AppData/Roaming/TinyTeX/texmf-dist/tex/latex/graphics/keyval.
sty
Package: keyval 2014/10/28 v1.15 key=value parser (DPC)
\KV@toks@=\toks14
)
(c:/Users/genperk/AppData/Roaming/TinyTeX/texmf-dist/tex/latex/koma-script/scrl
file.sty
Package: scrlfile 2019/02/01 v3.26b KOMA-Script package (loading files)
)))
(c:/Users/genperk/AppData/Roaming/TinyTeX/texmf-dist/tex/latex/koma-script/tocb
asic.sty
Package: tocbasic 2019/02/01 v3.26b KOMA-Script package (handling toc-files)
\scr@dte@tocline@numberwidth=\skip41
\scr@dte@tocline@numbox=\box27
)
Package tocbasic Info: omitting babel extension for `toc'
(tocbasic)             because of feature `nobabel' available
(tocbasic)             for `toc' on input line 134.
Package scrartcl Info: You've used standard option `11pt'.
(scrartcl)             This is correct!
(scrartcl)             Internally I'm using `fontsize=11pt'.
(scrartcl)             If you'd like to set the option with \KOMAoptions,
(scrartcl)             you'd have to use `fontsize=11pt' there
(scrartcl)             instead of `11pt', too.
Class scrartcl Info: File `scrsize11pt.clo' used to setup font sizes on input l
ine 2162.

(c:/Users/genperk/AppData/Roaming/TinyTeX/texmf-dist/tex/latex/koma-script/scrs
ize11pt.clo
File: scrsize11pt.clo 2019/02/01 v3.26b KOMA-Script font size class option (11p
t)
)
(c:/Users/genperk/AppData/Roaming/TinyTeX/texmf-dist/tex/latex/koma-script/type
area.sty
Package: typearea 2019/02/01 v3.26b KOMA-Script package (type area)
\ta@bcor=\skip42
\ta@div=\count80
Package typearea Info: You've used standard option `a4paper'.
(typearea)             This is correct!
(typearea)             Internally I'm using `paper=a4'.
(typearea)             If you'd like to set the option with \KOMAoptions,
(typearea)             you'd have to use `paper=a4' there
(typearea)             instead of `a4paper', too.
\ta@hblk=\skip43
\ta@vblk=\skip44
\ta@temp=\skip45
\footheight=\skip46
Package typearea Info: These are the values describing the layout:
(typearea)             DIV  = 10
(typearea)             BCOR = 0.0pt
(typearea)             \paperwidth      = 597.50793pt
(typearea)              \textwidth      = 418.25555pt
(typearea)              DIV departure   = -6%
(typearea)              \evensidemargin = 17.3562pt
(typearea)              \oddsidemargin  = 17.3562pt
(typearea)             \paperheight     = 845.04694pt
(typearea)              \textheight     = 595.80026pt
(typearea)              \topmargin      = -25.16531pt
(typearea)              \headheight     = 17.0pt
(typearea)              \headsep        = 20.40001pt
(typearea)              \topskip        = 11.0pt
(typearea)              \footskip       = 47.6pt
(typearea)              \baselineskip   = 13.6pt
(typearea)              on input line 1715.
)
\c@part=\count81
\c@section=\count82
\c@subsection=\count83
\c@subsubsection=\count84
\c@paragraph=\count85
\c@subparagraph=\count86
\scr@dte@section@maxnumwidth=\skip47
Class scrartcl Info: using compatibility default `runin=bysign'
(scrartcl)           for `\section on input line 4489.
Class scrartcl Info: using compatibility default `afterindent=bysign'
(scrartcl)           for `\section on input line 4489.
\scr@dte@part@maxnumwidth=\skip48
Class scrartcl Info: using compatibility default `afterindent=false'
(scrartcl)           for `\part on input line 4497.
\scr@dte@subsection@maxnumwidth=\skip49
Class scrartcl Info: using compatibility default `runin=bysign'
(scrartcl)           for `\subsection on input line 4507.
Class scrartcl Info: using compatibility default `afterindent=bysign'
(scrartcl)           for `\subsection on input line 4507.
\scr@dte@subsubsection@maxnumwidth=\skip50
Class scrartcl Info: using compatibility default `runin=bysign'
(scrartcl)           for `\subsubsection on input line 4517.
Class scrartcl Info: using compatibility default `afterindent=bysign'
(scrartcl)           for `\subsubsection on input line 4517.
\scr@dte@paragraph@maxnumwidth=\skip51
Class scrartcl Info: using compatibility default `runin=bysign'
(scrartcl)           for `\paragraph on input line 4527.
Class scrartcl Info: using compatibility default `afterindent=bysign'
(scrartcl)           for `\paragraph on input line 4527.
\scr@dte@subparagraph@maxnumwidth=\skip52
Class scrartcl Info: using compatibility default `runin=bysign'
(scrartcl)           for `\subparagraph on input line 4537.
Class scrartcl Info: using compatibility default `afterindent=bysign'
(scrartcl)           for `\subparagraph on input line 4537.
\abovecaptionskip=\skip53
\belowcaptionskip=\skip54
\c@pti@nb@sid@b@x=\box28
Package tocbasic Info: omitting babel extension for `lof'
(tocbasic)             because of feature `nobabel' available
(tocbasic)             for `lof' on input line 5781.
\scr@dte@figure@maxnumwidth=\skip55
\c@figure=\count87
Package tocbasic Info: omitting babel extension for `lot'
(tocbasic)             because of feature `nobabel' available
(tocbasic)             for `lot' on input line 5793.
\scr@dte@table@maxnumwidth=\skip56
\c@table=\count88
Class scrartcl Info: Redefining `\numberline' on input line 5957.
\bibindent=\dimen102
)
(c:/Users/genperk/AppData/Roaming/TinyTeX/texmf-dist/tex/latex/geometry/geometr
y.sty
Package: geometry 2018/04/16 v5.8 Page Geometry

(c:/Users/genperk/AppData/Roaming/TinyTeX/texmf-dist/tex/generic/oberdiek/ifpdf
.sty
Package: ifpdf 2018/09/07 v3.3 Provides the ifpdf switch
)
(c:/Users/genperk/AppData/Roaming/TinyTeX/texmf-dist/tex/generic/oberdiek/ifvte
x.sty
Package: ifvtex 2016/05/16 v1.6 Detect VTeX and its facilities (HO)
Package ifvtex Info: VTeX not detected.
)
(c:/Users/genperk/AppData/Roaming/TinyTeX/texmf-dist/tex/generic/ifxetex/ifxete
x.sty
Package: ifxetex 2010/09/12 v0.6 Provides ifxetex conditional
)
\Gm@cnth=\count89
\Gm@cntv=\count90
\c@Gm@tempcnt=\count91
\Gm@bindingoffset=\dimen103
\Gm@wd@mp=\dimen104
\Gm@odd@mp=\dimen105
\Gm@even@mp=\dimen106
\Gm@layoutwidth=\dimen107
\Gm@layoutheight=\dimen108
\Gm@layouthoffset=\dimen109
\Gm@layoutvoffset=\dimen110
\Gm@dimlist=\toks15
)
(c:/Users/genperk/AppData/Roaming/TinyTeX/texmf-dist/tex/latex/graphics/graphic
x.sty
Package: graphicx 2017/06/01 v1.1a Enhanced LaTeX Graphics (DPC,SPQR)

(c:/Users/genperk/AppData/Roaming/TinyTeX/texmf-dist/tex/latex/graphics/graphic
s.sty
Package: graphics 2017/06/25 v1.2c Standard LaTeX Graphics (DPC,SPQR)

(c:/Users/genperk/AppData/Roaming/TinyTeX/texmf-dist/tex/latex/graphics/trig.st
y
Package: trig 2016/01/03 v1.10 sin cos tan (DPC)
)
(c:/Users/genperk/AppData/Roaming/TinyTeX/texmf-dist/tex/latex/graphics-cfg/gra
phics.cfg
File: graphics.cfg 2016/06/04 v1.11 sample graphics configuration
)
Package graphics Info: Driver file: xetex.def on input line 99.

(c:/Users/genperk/AppData/Roaming/TinyTeX/texmf-dist/tex/latex/graphics-def/xet
ex.def
File: xetex.def 2017/06/24 v5.0h Graphics/color driver for xetex
))
\Gin@req@height=\dimen111
\Gin@req@width=\dimen112
)
(c:/Users/genperk/AppData/Roaming/TinyTeX/texmf-dist/tex/latex/oberdiek/grffile
.sty
Package: grffile 2017/06/30 v1.18 Extended file name support for graphics (HO)

(c:/Users/genperk/AppData/Roaming/TinyTeX/texmf-dist/tex/latex/oberdiek/kvoptio
ns.sty
Package: kvoptions 2016/05/16 v3.12 Key value format for package options (HO)

(c:/Users/genperk/AppData/Roaming/TinyTeX/texmf-dist/tex/generic/oberdiek/ltxcm
ds.sty
Package: ltxcmds 2016/05/16 v1.23 LaTeX kernel commands for general use (HO)
)
(c:/Users/genperk/AppData/Roaming/TinyTeX/texmf-dist/tex/generic/oberdiek/kvset
keys.sty
Package: kvsetkeys 2016/05/16 v1.17 Key value parser (HO)

(c:/Users/genperk/AppData/Roaming/TinyTeX/texmf-dist/tex/generic/oberdiek/infwa
rerr.sty
Package: infwarerr 2016/05/16 v1.4 Providing info/warning/error messages (HO)
)
(c:/Users/genperk/AppData/Roaming/TinyTeX/texmf-dist/tex/generic/oberdiek/etexc
mds.sty
Package: etexcmds 2016/05/16 v1.6 Avoid name clashes with e-TeX commands (HO)

(c:/Users/genperk/AppData/Roaming/TinyTeX/texmf-dist/tex/generic/oberdiek/iflua
tex.sty
Package: ifluatex 2016/05/16 v1.4 Provides the ifluatex switch (HO)
Package ifluatex Info: LuaTeX not detected.
))))
(c:/Users/genperk/AppData/Roaming/TinyTeX/texmf-dist/tex/generic/oberdiek/pdfte
xcmds.sty
Package: pdftexcmds 2019/07/25 v0.30 Utility functions of pdfTeX for LuaTeX (HO
)
Package pdftexcmds Info: LuaTeX not detected.
Package pdftexcmds Info: pdfTeX >= 1.30 not detected.
Package pdftexcmds Info: \pdf@primitive is available.
Package pdftexcmds Info: \pdf@ifprimitive is available.
Package pdftexcmds Info: \pdfdraftmode not found.
)
Package grffile Info: Option `multidot' is set to `true'.
Package grffile Info: Option `extendedchars' is set to `false'.
Package grffile Info: Option `space' is set to `true'.
Package grffile Info: \Gin@ii of package `graphicx' fixed on input line 494.
)

Class scrartcl Warning: Usage of package `fancyhdr' together
(scrartcl)              with a KOMA-Script class is not recommended.
(scrartcl)              I'd suggest to use 
(scrartcl)              package `scrlayer' or `scrlayer-scrpage', because
(scrartcl)              they support KOMA-Script classes.
(scrartcl)              With `fancyhdr' several features of class `scrartcl'
(scrartcl)              like options `headsepline', `footsepline' or command
(scrartcl)              `\MakeMarkcase' and the commands `\setkomafont' and
(scrartcl)              `\addtokomafont' for the page style elements need
(scrartcl)              explicite user intervention to work.
(scrartcl)              Nevertheless, using requested
(scrartcl)              package `fancyhdr' on input line 21.


(c:/Users/genperk/AppData/Roaming/TinyTeX/texmf-dist/tex/latex/fancyhdr/fancyhd
r.sty
Package: fancyhdr 2019/01/31 v3.10 Extensive control of page headers and footer
s
\f@nch@headwidth=\skip57
\f@nch@O@elh=\skip58
\f@nch@O@erh=\skip59
\f@nch@O@olh=\skip60
\f@nch@O@orh=\skip61
\f@nch@O@elf=\skip62
\f@nch@O@erf=\skip63
\f@nch@O@olf=\skip64
\f@nch@O@orf=\skip65
)
(c:/Users/genperk/AppData/Roaming/TinyTeX/texmf-dist/tex/generic/xstring/xstrin
g.sty
(c:/Users/genperk/AppData/Roaming/TinyTeX/texmf-dist/tex/generic/xstring/xstrin
g.tex
\integerpart=\count92
Invalid UTF-8 byte or sequence at line 35 replaced by U+FFFD.
\decimalpart=\count93
Invalid UTF-8 byte or sequence at line 79 replaced by U+FFFD.
Invalid UTF-8 byte or sequence at line 79 replaced by U+FFFD.
Invalid UTF-8 byte or sequence at line 83 replaced by U+FFFD.
Invalid UTF-8 byte or sequence at line 86 replaced by U+FFFD.
Invalid UTF-8 byte or sequence at line 102 replaced by U+FFFD.
Invalid UTF-8 byte or sequence at line 114 replaced by U+FFFD.
Invalid UTF-8 byte or sequence at line 120 replaced by U+FFFD.
Invalid UTF-8 byte or sequence at line 125 replaced by U+FFFD.
Invalid UTF-8 byte or sequence at line 147 replaced by U+FFFD.
Invalid UTF-8 byte or sequence at line 147 replaced by U+FFFD.
Invalid UTF-8 byte or sequence at line 147 replaced by U+FFFD.
Invalid UTF-8 byte or sequence at line 182 replaced by U+FFFD.
Invalid UTF-8 byte or sequence at line 182 replaced by U+FFFD.
Invalid UTF-8 byte or sequence at line 182 replaced by U+FFFD.
Invalid UTF-8 byte or sequence at line 183 replaced by U+FFFD.
Invalid UTF-8 byte or sequence at line 184 replaced by U+FFFD.
Invalid UTF-8 byte or sequence at line 185 replaced by U+FFFD.
Invalid UTF-8 byte or sequence at line 185 replaced by U+FFFD.
Invalid UTF-8 byte or sequence at line 185 replaced by U+FFFD.
Invalid UTF-8 byte or sequence at line 189 replaced by U+FFFD.
Invalid UTF-8 byte or sequence at line 189 replaced by U+FFFD.
Invalid UTF-8 byte or sequence at line 190 replaced by U+FFFD.
Invalid UTF-8 byte or sequence at line 190 replaced by U+FFFD.
Invalid UTF-8 byte or sequence at line 193 replaced by U+FFFD.
Invalid UTF-8 byte or sequence at line 208 replaced by U+FFFD.
Invalid UTF-8 byte or sequence at line 208 replaced by U+FFFD.
Invalid UTF-8 byte or sequence at line 208 replaced by U+FFFD.
Invalid UTF-8 byte or sequence at line 208 replaced by U+FFFD.
Invalid UTF-8 byte or sequence at line 208 replaced by U+FFFD.
Invalid UTF-8 byte or sequence at line 208 replaced by U+FFFD.
Invalid UTF-8 byte or sequence at line 221 replaced by U+FFFD.
Invalid UTF-8 byte or sequence at line 221 replaced by U+FFFD.
Invalid UTF-8 byte or sequence at line 241 replaced by U+FFFD.
Invalid UTF-8 byte or sequence at line 241 replaced by U+FFFD.
Invalid UTF-8 byte or sequence at line 241 replaced by U+FFFD.
Invalid UTF-8 byte or sequence at line 241 replaced by U+FFFD.
Invalid UTF-8 byte or sequence at line 266 replaced by U+FFFD.
Invalid UTF-8 byte or sequence at line 284 replaced by U+FFFD.
Invalid UTF-8 byte or sequence at line 295 replaced by U+FFFD.
Invalid UTF-8 byte or sequence at line 300 replaced by U+FFFD.
Invalid UTF-8 byte or sequence at line 300 replaced by U+FFFD.
Invalid UTF-8 byte or sequence at line 301 replaced by U+FFFD.
Invalid UTF-8 byte or sequence at line 301 replaced by U+FFFD.
Invalid UTF-8 byte or sequence at line 301 replaced by U+FFFD.
Invalid UTF-8 byte or sequence at line 302 replaced by U+FFFD.
Invalid UTF-8 byte or sequence at line 303 replaced by U+FFFD.
Invalid UTF-8 byte or sequence at line 332 replaced by U+FFFD.
Invalid UTF-8 byte or sequence at line 332 replaced by U+FFFD.
Invalid UTF-8 byte or sequence at line 332 replaced by U+FFFD.
Invalid UTF-8 byte or sequence at line 332 replaced by U+FFFD.
Invalid UTF-8 byte or sequence at line 333 replaced by U+FFFD.
Invalid UTF-8 byte or sequence at line 334 replaced by U+FFFD.
Invalid UTF-8 byte or sequence at line 334 replaced by U+FFFD.
Invalid UTF-8 byte or sequence at line 334 replaced by U+FFFD.
Invalid UTF-8 byte or sequence at line 406 replaced by U+FFFD.
Invalid UTF-8 byte or sequence at line 406 replaced by U+FFFD.
Invalid UTF-8 byte or sequence at line 409 replaced by U+FFFD.
Invalid UTF-8 byte or sequence at line 410 replaced by U+FFFD.
Invalid UTF-8 byte or sequence at line 428 replaced by U+FFFD.
Invalid UTF-8 byte or sequence at line 434 replaced by U+FFFD.
Invalid UTF-8 byte or sequence at line 457 replaced by U+FFFD.
Invalid UTF-8 byte or sequence at line 457 replaced by U+FFFD.
Invalid UTF-8 byte or sequence at line 464 replaced by U+FFFD.
Invalid UTF-8 byte or sequence at line 464 replaced by U+FFFD.
Invalid UTF-8 byte or sequence at line 466 replaced by U+FFFD.
Invalid UTF-8 byte or sequence at line 466 replaced by U+FFFD.
Invalid UTF-8 byte or sequence at line 541 replaced by U+FFFD.
Invalid UTF-8 byte or sequence at line 541 replaced by U+FFFD.
Invalid UTF-8 byte or sequence at line 541 replaced by U+FFFD.
Invalid UTF-8 byte or sequence at line 586 replaced by U+FFFD.
Invalid UTF-8 byte or sequence at line 586 replaced by U+FFFD.
Invalid UTF-8 byte or sequence at line 588 replaced by U+FFFD.
Invalid UTF-8 byte or sequence at line 588 replaced by U+FFFD.
Invalid UTF-8 byte or sequence at line 595 replaced by U+FFFD.
Invalid UTF-8 byte or sequence at line 597 replaced by U+FFFD.
Invalid UTF-8 byte or sequence at line 599 replaced by U+FFFD.
Invalid UTF-8 byte or sequence at line 602 replaced by U+FFFD.
Invalid UTF-8 byte or sequence at line 605 replaced by U+FFFD.
Invalid UTF-8 byte or sequence at line 605 replaced by U+FFFD.
Invalid UTF-8 byte or sequence at line 610 replaced by U+FFFD.
Invalid UTF-8 byte or sequence at line 615 replaced by U+FFFD.
Invalid UTF-8 byte or sequence at line 632 replaced by U+FFFD.
Invalid UTF-8 byte or sequence at line 632 replaced by U+FFFD.
Invalid UTF-8 byte or sequence at line 633 replaced by U+FFFD.
Invalid UTF-8 byte or sequence at line 635 replaced by U+FFFD.
Invalid UTF-8 byte or sequence at line 637 replaced by U+FFFD.
Invalid UTF-8 byte or sequence at line 647 replaced by U+FFFD.
Invalid UTF-8 byte or sequence at line 653 replaced by U+FFFD.
Invalid UTF-8 byte or sequence at line 678 replaced by U+FFFD.
Invalid UTF-8 byte or sequence at line 700 replaced by U+FFFD.
Invalid UTF-8 byte or sequence at line 705 replaced by U+FFFD.
Invalid UTF-8 byte or sequence at line 715 replaced by U+FFFD.
Invalid UTF-8 byte or sequence at line 715 replaced by U+FFFD.
Invalid UTF-8 byte or sequence at line 715 replaced by U+FFFD.
Invalid UTF-8 byte or sequence at line 719 replaced by U+FFFD.
Invalid UTF-8 byte or sequence at line 732 replaced by U+FFFD.
Invalid UTF-8 byte or sequence at line 732 replaced by U+FFFD.
Invalid UTF-8 byte or sequence at line 741 replaced by U+FFFD.
Invalid UTF-8 byte or sequence at line 741 replaced by U+FFFD.
Invalid UTF-8 byte or sequence at line 742 replaced by U+FFFD.
Invalid UTF-8 byte or sequence at line 742 replaced by U+FFFD.
Invalid UTF-8 byte or sequence at line 762 replaced by U+FFFD.
Invalid UTF-8 byte or sequence at line 773 replaced by U+FFFD.
Invalid UTF-8 byte or sequence at line 773 replaced by U+FFFD.
Invalid UTF-8 byte or sequence at line 774 replaced by U+FFFD.
Invalid UTF-8 byte or sequence at line 774 replaced by U+FFFD.
Invalid UTF-8 byte or sequence at line 774 replaced by U+FFFD.
Invalid UTF-8 byte or sequence at line 797 replaced by U+FFFD.
Invalid UTF-8 byte or sequence at line 797 replaced by U+FFFD.
Invalid UTF-8 byte or sequence at line 810 replaced by U+FFFD.
Invalid UTF-8 byte or sequence at line 824 replaced by U+FFFD.
Invalid UTF-8 byte or sequence at line 824 replaced by U+FFFD.
Invalid UTF-8 byte or sequence at line 831 replaced by U+FFFD.
Invalid UTF-8 byte or sequence at line 838 replaced by U+FFFD.
Invalid UTF-8 byte or sequence at line 838 replaced by U+FFFD.
Invalid UTF-8 byte or sequence at line 846 replaced by U+FFFD.
Invalid UTF-8 byte or sequence at line 846 replaced by U+FFFD.
Invalid UTF-8 byte or sequence at line 861 replaced by U+FFFD.
Invalid UTF-8 byte or sequence at line 862 replaced by U+FFFD.
Invalid UTF-8 byte or sequence at line 864 replaced by U+FFFD.
Invalid UTF-8 byte or sequence at line 864 replaced by U+FFFD.
Invalid UTF-8 byte or sequence at line 908 replaced by U+FFFD.
Invalid UTF-8 byte or sequence at line 909 replaced by U+FFFD.
Invalid UTF-8 byte or sequence at line 909 replaced by U+FFFD.
Invalid UTF-8 byte or sequence at line 934 replaced by U+FFFD.
Invalid UTF-8 byte or sequence at line 934 replaced by U+FFFD.
Invalid UTF-8 byte or sequence at line 936 replaced by U+FFFD.
Invalid UTF-8 byte or sequence at line 936 replaced by U+FFFD.
Invalid UTF-8 byte or sequence at line 940 replaced by U+FFFD.
Invalid UTF-8 byte or sequence at line 940 replaced by U+FFFD.
Invalid UTF-8 byte or sequence at line 962 replaced by U+FFFD.
Invalid UTF-8 byte or sequence at line 962 replaced by U+FFFD.
Invalid UTF-8 byte or sequence at line 964 replaced by U+FFFD.
Invalid UTF-8 byte or sequence at line 965 replaced by U+FFFD.
Invalid UTF-8 byte or sequence at line 1006 replaced by U+FFFD.
)
Package: xstring 2019/02/06 v1.83 String manipulations (CT)
)
(c:/Users/genperk/AppData/Roaming/TinyTeX/texmf-dist/tex/latex/graphics/lscape.
sty
Package: lscape 2000/10/22 v3.01 Landscape Pages (DPC)
)
(c:/Users/genperk/AppData/Roaming/TinyTeX/texmf-dist/tex/latex/caption/caption.
sty
Package: caption 2018/10/06 v3.3-154 Customizing captions (AR)

(c:/Users/genperk/AppData/Roaming/TinyTeX/texmf-dist/tex/latex/caption/caption3
.sty
Package: caption3 2018/09/12 v1.8c caption3 kernel (AR)
Package caption3 Info: TeX engine: e-TeX on input line 64.
\captionmargin=\dimen113
\captionmargin@=\dimen114
\captionwidth=\dimen115
\caption@tempdima=\dimen116
\caption@indent=\dimen117
\caption@parindent=\dimen118
\caption@hangindent=\dimen119
)
Package caption Info: KOMA-Script document class.
\c@caption@flags=\count94
\c@ContinuedFloat=\count95
)
(c:/Users/genperk/AppData/Roaming/TinyTeX/texmf-dist/tex/latex/amsfonts/amssymb
.sty
Package: amssymb 2013/01/14 v3.01 AMS font symbols

(c:/Users/genperk/AppData/Roaming/TinyTeX/texmf-dist/tex/latex/amsfonts/amsfont
s.sty
Package: amsfonts 2013/01/14 v3.01 Basic AMSFonts support
\@emptytoks=\toks16
\symAMSa=\mathgroup4
\symAMSb=\mathgroup5
LaTeX Font Info:    Overwriting math alphabet `\mathfrak' in version `bold'
(Font)                  U/euf/m/n --> U/euf/b/n on input line 106.
))
(c:/Users/genperk/AppData/Roaming/TinyTeX/texmf-dist/tex/latex/amsmath/amsmath.
sty
Package: amsmath 2018/12/01 v2.17b AMS math features
\@mathmargin=\skip66
For additional information on amsmath, use the `?' option.

(c:/Users/genperk/AppData/Roaming/TinyTeX/texmf-dist/tex/latex/amsmath/amstext.
sty
Package: amstext 2000/06/29 v2.01 AMS text

(c:/Users/genperk/AppData/Roaming/TinyTeX/texmf-dist/tex/latex/amsmath/amsgen.s
ty
File: amsgen.sty 1999/11/30 v2.0 generic functions
\@emptytoks=\toks17
\ex@=\dimen120
))
(c:/Users/genperk/AppData/Roaming/TinyTeX/texmf-dist/tex/latex/amsmath/amsbsy.s
ty
Package: amsbsy 1999/11/29 v1.2d Bold Symbols
\pmbraise@=\dimen121
)
(c:/Users/genperk/AppData/Roaming/TinyTeX/texmf-dist/tex/latex/amsmath/amsopn.s
ty
Package: amsopn 2016/03/08 v2.02 operator names
)
\inf@bad=\count96
LaTeX Info: Redefining \frac on input line 223.
\uproot@=\count97
\leftroot@=\count98
LaTeX Info: Redefining \overline on input line 385.
\classnum@=\count99
\DOTSCASE@=\count100
LaTeX Info: Redefining \ldots on input line 482.
LaTeX Info: Redefining \dots on input line 485.
LaTeX Info: Redefining \cdots on input line 606.
\Mathstrutbox@=\box29
\strutbox@=\box30
\big@size=\dimen122
LaTeX Font Info:    Redeclaring font encoding OML on input line 729.
LaTeX Font Info:    Redeclaring font encoding OMS on input line 730.
\macc@depth=\count101
\c@MaxMatrixCols=\count102
\dotsspace@=\muskip10
\c@parentequation=\count103
\dspbrk@lvl=\count104
\tag@help=\toks18
\row@=\count105
\column@=\count106
\maxfields@=\count107
\andhelp@=\toks19
\eqnshift@=\dimen123
\alignsep@=\dimen124
\tagshift@=\dimen125
\tagwidth@=\dimen126
\totwidth@=\dimen127
\lineht@=\dimen128
\@envbody=\toks20
\multlinegap=\skip67
\multlinetaggap=\skip68
\mathdisplay@stack=\toks21
LaTeX Info: Redefining \[ on input line 2844.
LaTeX Info: Redefining \] on input line 2845.
)
(c:/Users/genperk/AppData/Roaming/TinyTeX/texmf-dist/tex/latex/base/fixltx2e.st
y
Package: fixltx2e 2016/12/29 v2.1a fixes to LaTeX (obsolete)
Applying: [2015/01/01] Old fixltx2e package on input line 46.

Package fixltx2e Warning: fixltx2e is not required with releases after 2015
(fixltx2e)                All fixes are now in the LaTeX kernel.
(fixltx2e)                See the latexrelease package for details.

Already applied: [0000/00/00] Old fixltx2e package on input line 53.
)
(c:/Users/genperk/AppData/Roaming/TinyTeX/texmf-dist/tex/xelatex/mathspec/maths
pec.sty
Package: mathspec 2016/12/22 v0.2b LaTeX Package (Mathematics font selection fo
r XeLaTeX)

(c:/Users/genperk/AppData/Roaming/TinyTeX/texmf-dist/tex/latex/etoolbox/etoolbo
x.sty
Package: etoolbox 2018/08/19 v2.5f e-TeX tools for LaTeX (JAW)
\etb@tempcnta=\count108
)
(c:/Users/genperk/AppData/Roaming/TinyTeX/texmf-dist/tex/latex/fontspec/fontspe
c.sty
(c:/Users/genperk/AppData/Roaming/TinyTeX/texmf-dist/tex/latex/l3packages/xpars
e/xparse.sty
(c:/Users/genperk/AppData/Roaming/TinyTeX/texmf-dist/tex/latex/l3kernel/expl3.s
ty
Package: expl3 2019-08-14 L3 programming layer (loader) 

(c:/Users/genperk/AppData/Roaming/TinyTeX/texmf-dist/tex/latex/l3kernel/expl3-c
ode.tex
Package: expl3 2019-08-14 L3 programming layer (code)
\c_max_int=\count109
\l_tmpa_int=\count110
\l_tmpb_int=\count111
\g_tmpa_int=\count112
\g_tmpb_int=\count113
\g__kernel_prg_map_int=\count114
\c__ior_term_noprompt_ior=\count115
\c_log_iow=\count116
\l_iow_line_count_int=\count117
\l__iow_line_target_int=\count118
\l__iow_one_indent_int=\count119
\l__iow_indent_int=\count120
\c_zero_dim=\dimen129
\c_max_dim=\dimen130
\l_tmpa_dim=\dimen131
\l_tmpb_dim=\dimen132
\g_tmpa_dim=\dimen133
\g_tmpb_dim=\dimen134
\c_zero_skip=\skip69
\c_max_skip=\skip70
\l_tmpa_skip=\skip71
\l_tmpb_skip=\skip72
\g_tmpa_skip=\skip73
\g_tmpb_skip=\skip74
\c_zero_muskip=\muskip11
\c_max_muskip=\muskip12
\l_tmpa_muskip=\muskip13
\l_tmpb_muskip=\muskip14
\g_tmpa_muskip=\muskip15
\g_tmpb_muskip=\muskip16
\l_keys_choice_int=\count121
\l__intarray_loop_int=\count122
\c__intarray_sp_dim=\dimen135
\g__intarray_font_int=\count123
\c__fp_leading_shift_int=\count124
\c__fp_middle_shift_int=\count125
\c__fp_trailing_shift_int=\count126
\c__fp_big_leading_shift_int=\count127
\c__fp_big_middle_shift_int=\count128
\c__fp_big_trailing_shift_int=\count129
\c__fp_Bigg_leading_shift_int=\count130
\c__fp_Bigg_middle_shift_int=\count131
\c__fp_Bigg_trailing_shift_int=\count132
\g__fp_array_int=\count133
\l__fp_array_loop_int=\count134
\l__sort_length_int=\count135
\l__sort_min_int=\count136
\l__sort_top_int=\count137
\l__sort_max_int=\count138
\l__sort_true_max_int=\count139
\l__sort_block_int=\count140
\l__sort_begin_int=\count141
\l__sort_end_int=\count142
\l__sort_A_int=\count143
\l__sort_B_int=\count144
\l__sort_C_int=\count145
\l__str_internal_int=\count146
\l__tl_analysis_normal_int=\count147
\l__tl_analysis_index_int=\count148
\l__tl_analysis_nesting_int=\count149
\l__tl_analysis_type_int=\count150
\l__regex_internal_a_int=\count151
\l__regex_internal_b_int=\count152
\l__regex_internal_c_int=\count153
\l__regex_balance_int=\count154
\l__regex_group_level_int=\count155
\l__regex_mode_int=\count156
\c__regex_cs_in_class_mode_int=\count157
\c__regex_cs_mode_int=\count158
\l__regex_catcodes_int=\count159
\l__regex_default_catcodes_int=\count160
\c__regex_catcode_L_int=\count161
\c__regex_catcode_O_int=\count162
\c__regex_catcode_A_int=\count163
\c__regex_all_catcodes_int=\count164
\l__regex_show_lines_int=\count165
\l__regex_min_state_int=\count166
\l__regex_max_state_int=\count167
\l__regex_left_state_int=\count168
\l__regex_right_state_int=\count169
\l__regex_capturing_group_int=\count170
\l__regex_min_pos_int=\count171
\l__regex_max_pos_int=\count172
\l__regex_curr_pos_int=\count173
\l__regex_start_pos_int=\count174
\l__regex_success_pos_int=\count175
\l__regex_curr_char_int=\count176
\l__regex_curr_catcode_int=\count177
\l__regex_last_char_int=\count178
\l__regex_case_changed_char_int=\count179
\l__regex_curr_state_int=\count180
\l__regex_step_int=\count181
\l__regex_min_active_int=\count182
\l__regex_max_active_int=\count183
\l__regex_replacement_csnames_int=\count184
\l__regex_match_count_int=\count185
\l__regex_min_submatch_int=\count186
\l__regex_submatch_int=\count187
\l__regex_zeroth_submatch_int=\count188
\g__regex_trace_regex_int=\count189
\c_empty_box=\box31
\l_tmpa_box=\box32
\l_tmpb_box=\box33
\g_tmpa_box=\box34
\g_tmpb_box=\box35
\l__box_top_dim=\dimen136
\l__box_bottom_dim=\dimen137
\l__box_left_dim=\dimen138
\l__box_right_dim=\dimen139
\l__box_top_new_dim=\dimen140
\l__box_bottom_new_dim=\dimen141
\l__box_left_new_dim=\dimen142
\l__box_right_new_dim=\dimen143
\l__box_internal_box=\box36
\l__coffin_internal_box=\box37
\l__coffin_internal_dim=\dimen144
\l__coffin_offset_x_dim=\dimen145
\l__coffin_offset_y_dim=\dimen146
\l__coffin_x_dim=\dimen147
\l__coffin_y_dim=\dimen148
\l__coffin_x_prime_dim=\dimen149
\l__coffin_y_prime_dim=\dimen150
\c_empty_coffin=\box38
\l__coffin_aligned_coffin=\box39
\l__coffin_aligned_internal_coffin=\box40
\l_tmpa_coffin=\box41
\l_tmpb_coffin=\box42
\g_tmpa_coffin=\box43
\g_tmpb_coffin=\box44
\l__coffin_bounding_shift_dim=\dimen151
\l__coffin_left_corner_dim=\dimen152
\l__coffin_right_corner_dim=\dimen153
\l__coffin_bottom_corner_dim=\dimen154
\l__coffin_top_corner_dim=\dimen155
\l__coffin_scaled_total_height_dim=\dimen156
\l__coffin_scaled_width_dim=\dimen157
\c__coffin_empty_coffin=\box45
\l__coffin_display_coffin=\box46
\l__coffin_display_coord_coffin=\box47
\l__coffin_display_pole_coffin=\box48
\l__coffin_display_offset_dim=\dimen158
\l__coffin_display_x_dim=\dimen159
\l__coffin_display_y_dim=\dimen160
\g__file_internal_ior=\read1
\l__seq_internal_a_int=\count190
\l__seq_internal_b_int=\count191
)
(c:/Users/genperk/AppData/Roaming/TinyTeX/texmf-dist/tex/latex/l3backend/l3back
end-xdvipdfmx.def
File: l3backend-xdvipdfmx.def 2019-04-06 v L3 Experimental backend support: xdv
ipdfmx
\g__graphics_track_int=\count192
\l__pdf_internal_box=\box49
\g__pdf_backend_object_int=\count193
\g__pdf_backend_annotation_int=\count194
))
Package: xparse 2019-05-28 L3 Experimental document command parser
\l__xparse_current_arg_int=\count195
\g__xparse_grabber_int=\count196
\l__xparse_m_args_int=\count197
\l__xparse_v_nesting_int=\count198
)
Package: fontspec 2019/03/15 v2.7c Font selection for XeLaTeX and LuaLaTeX

(c:/Users/genperk/AppData/Roaming/TinyTeX/texmf-dist/tex/latex/fontspec/fontspe
c-xetex.sty
Package: fontspec-xetex 2019/03/15 v2.7c Font selection for XeLaTeX and LuaLaTe
X
\l__fontspec_script_int=\count199
\l__fontspec_language_int=\count266
\l__fontspec_strnum_int=\count267
\l__fontspec_tmp_int=\count268
\l__fontspec_tmpa_int=\count269
\l__fontspec_tmpb_int=\count270
\l__fontspec_tmpc_int=\count271
\l__fontspec_em_int=\count272
\l__fontspec_emdef_int=\count273
\l__fontspec_strong_int=\count274
\l__fontspec_strongdef_int=\count275
\l__fontspec_tmpa_dim=\dimen161
\l__fontspec_tmpb_dim=\dimen162
\l__fontspec_tmpc_dim=\dimen163

(c:/Users/genperk/AppData/Roaming/TinyTeX/texmf-dist/tex/latex/base/fontenc.sty
Package: fontenc 2018/08/11 v2.0j Standard LaTeX package
(c:/Users/genperk/AppData/Roaming/TinyTeX/texmf-dist/tex/latex/base/tuenc.def
File: tuenc.def 2018/08/11 v2.0j Standard LaTeX file
LaTeX Font Info:    Redeclaring font encoding TU on input line 82.
))
(c:/Users/genperk/AppData/Roaming/TinyTeX/texmf-dist/tex/latex/fontspec/fontspe
c.cfg)
LaTeX Info: Redefining \itshape on input line 4051.
LaTeX Info: Redefining \slshape on input line 4056.
LaTeX Info: Redefining \scshape on input line 4061.
LaTeX Info: Redefining \upshape on input line 4066.
LaTeX Info: Redefining \em on input line 4096.
LaTeX Info: Redefining \emph on input line 4121.
))
(c:/Users/genperk/AppData/Roaming/TinyTeX/texmf-dist/tex/latex/xkeyval/xkeyval.
sty
Package: xkeyval 2014/12/03 v2.7a package option processing (HA)

(c:/Users/genperk/AppData/Roaming/TinyTeX/texmf-dist/tex/generic/xkeyval/xkeyva
l.tex
(c:/Users/genperk/AppData/Roaming/TinyTeX/texmf-dist/tex/generic/xkeyval/xkvuti
ls.tex
\XKV@toks=\toks22
\XKV@tempa@toks=\toks23
)
\XKV@depth=\count276
File: xkeyval.tex 2014/12/03 v2.7a key=value parser (HA)
))
\c@eu@=\count277
\c@eu@i=\count278
\c@mkern=\count279
)
(c:/Users/genperk/AppData/Roaming/TinyTeX/texmf-dist/tex/xelatex/xltxtra/xltxtr
a.sty
Package: xltxtra 2018/12/31 v0.7 Improvements for the "XeLaTeX" format

(c:/Users/genperk/AppData/Roaming/TinyTeX/texmf-dist/tex/latex/realscripts/real
scripts.sty
Package: realscripts 2016/02/13 v0.3d Access OpenType subscripts and superscrip
ts
\subsupersep=\dimen164
)
(c:/Users/genperk/AppData/Roaming/TinyTeX/texmf-dist/tex/latex/metalogo/metalog
o.sty
Package: metalogo 2010/05/29 v0.12 Extended TeX logo macros
\xl@everylogo=\toks24
\xl@@everylogo=\toks25
LaTeX Info: Redefining \TeX on input line 193.
LaTeX Info: Redefining \LaTeX on input line 202.
LaTeX Info: Redefining \LaTeXe on input line 219.
)
\l__xetex_show_hyphens_wrapping_box=\box50
\l__xetex_show_hyphens_temp_box=\box51
\l__xetex_show_hyphens_final_box=\box52
\g__xetex_show_hyphens_word_box=\box53
)
(c:/Users/genperk/AppData/Roaming/TinyTeX/texmf-dist/tex/xelatex/xunicode/xunic
ode.sty
File: xunicode.sty 2011/09/09 v0.981 provides access to latin accents and many 
other characters in Unicode lower plane
(c:/Users/genperk/AppData/Roaming/TinyTeX/texmf-dist/tex/latex/tipa/t3enc.def
File: t3enc.def 2001/12/31 T3 encoding
)
\tipaTiiicode=\count280
\tipasavetokens=\toks26
\tipachecktokens=\toks27
)

Package fontspec Info: Palatino Linotype scale = 0.8311561975142762.


Package fontspec Info: Palatino Linotype scale = 0.8311561975142762.


Package fontspec Info: Palatino Linotype scale = 0.8311561975142762.


Package fontspec Info: Palatino Linotype/B scale = 0.8311561975142762.


Package fontspec Info: Palatino Linotype/B scale = 0.8311561975142762.


Package fontspec Info: Palatino Linotype/I scale = 0.8311561975142762.


Package fontspec Info: Palatino Linotype/I scale = 0.8311561975142762.


Package fontspec Info: Palatino Linotype/BI scale = 0.8311561975142762.


Package fontspec Info: Palatino Linotype/BI scale = 0.8311561975142762.


Package fontspec Info: Font family 'PalatinoLinotype(0)' created for font
(fontspec)             'Palatino Linotype' with options
(fontspec)             [Mapping=tex-text,Scale=MatchLowercase,Ligatures=TeX].
(fontspec)              
(fontspec)              This font family consists of the following NFSS
(fontspec)             series/shapes:
(fontspec)              
(fontspec)             - 'normal' (m/n) with NFSS spec.:
(fontspec)             <->s*[0.8311561975142762]"Palatino
(fontspec)             Linotype/OT:script=latn;language=DFLT;mapping=tex-text;"

(fontspec)             - 'small caps'  (m/sc) with NFSS spec.:
(fontspec)             <->s*[0.8311561975142762]"Palatino
(fontspec)             Linotype/OT:script=latn;language=DFLT;+smcp;mapping=tex-
text;"
(fontspec)             - 'bold' (bx/n) with NFSS spec.:
(fontspec)             <->s*[0.8311561975142762]"Palatino
(fontspec)             Linotype/B/OT:script=latn;language=DFLT;mapping=tex-text
;"
(fontspec)             - 'bold small caps'  (bx/sc) with NFSS spec.:
(fontspec)             <->s*[0.8311561975142762]"Palatino
(fontspec)             Linotype/B/OT:script=latn;language=DFLT;+smcp;mapping=te
x-text;"
(fontspec)             - 'italic' (m/it) with NFSS spec.:
(fontspec)             <->s*[0.8311561975142762]"Palatino
(fontspec)             Linotype/I/OT:script=latn;language=DFLT;mapping=tex-text
;"
(fontspec)             - 'italic small caps'  (m/itsc) with NFSS spec.:
(fontspec)             <->s*[0.8311561975142762]"Palatino
(fontspec)             Linotype/I/OT:script=latn;language=DFLT;+smcp;mapping=te
x-text;"
(fontspec)             - 'bold italic' (bx/it) with NFSS spec.:
(fontspec)             <->s*[0.8311561975142762]"Palatino
(fontspec)             Linotype/BI/OT:script=latn;language=DFLT;mapping=tex-tex
t;"
(fontspec)             - 'bold italic small caps'  (bx/itsc) with NFSS spec.:
(fontspec)             <->s*[0.8311561975142762]"Palatino
(fontspec)             Linotype/BI/OT:script=latn;language=DFLT;+smcp;mapping=t
ex-text;"

LaTeX Info: Redefining \rmfamily on input line 76.
LaTeX Font Info:    Font shape `TU/PalatinoLinotype(0)/m/n' will be
(Font)              scaled to size 9.10121pt on input line 76.

Package fontspec Info: Calibri scale = 0.9281757344776881.


Package fontspec Info: Calibri scale = 0.9281757344776881.


Package fontspec Info: Calibri scale = 0.9281757344776881.


Package fontspec Info: Calibri/B scale = 0.9194729832572298.


Package fontspec Info: Calibri/B scale = 0.9194729832572298.


Package fontspec Info: Calibri/I scale = 0.9223547935932343.


Package fontspec Info: Calibri/I scale = 0.9223547935932343.


Package fontspec Info: Calibri/BI scale = 0.9194729832572298.


Package fontspec Info: Calibri/BI scale = 0.9194729832572298.


Package fontspec Info: Font family 'Calibri(0)' created for font 'Calibri'
(fontspec)             with options
(fontspec)             [Mapping=tex-text,Scale=MatchLowercase,Ligatures=TeX].
(fontspec)              
(fontspec)              This font family consists of the following NFSS
(fontspec)             series/shapes:
(fontspec)              
(fontspec)             - 'normal' (m/n) with NFSS spec.:
(fontspec)             <->s*[0.9281757344776881]"Calibri/OT:script=latn;languag
e=DFLT;mapping=tex-text;"
(fontspec)             - 'small caps'  (m/sc) with NFSS spec.:
(fontspec)             <->s*[0.9281757344776881]"Calibri/OT:script=latn;languag
e=DFLT;+smcp;mapping=tex-text;"
(fontspec)             - 'bold' (bx/n) with NFSS spec.:
(fontspec)             <->s*[0.9194729832572298]"Calibri/B/OT:script=latn;langu
age=DFLT;mapping=tex-text;"
(fontspec)             - 'bold small caps'  (bx/sc) with NFSS spec.:
(fontspec)             <->s*[0.9194729832572298]"Calibri/B/OT:script=latn;langu
age=DFLT;+smcp;mapping=tex-text;"
(fontspec)             - 'italic' (m/it) with NFSS spec.:
(fontspec)             <->s*[0.9223547935932343]"Calibri/I/OT:script=latn;langu
age=DFLT;mapping=tex-text;"
(fontspec)             - 'italic small caps'  (m/itsc) with NFSS spec.:
(fontspec)             <->s*[0.9223547935932343]"Calibri/I/OT:script=latn;langu
age=DFLT;+smcp;mapping=tex-text;"
(fontspec)             - 'bold italic' (bx/it) with NFSS spec.:
(fontspec)             <->s*[0.9194729832572298]"Calibri/BI/OT:script=latn;lang
uage=DFLT;mapping=tex-text;"
(fontspec)             - 'bold italic small caps'  (bx/itsc) with NFSS spec.:
(fontspec)             <->s*[0.9194729832572298]"Calibri/BI/OT:script=latn;lang
uage=DFLT;+smcp;mapping=tex-text;"

LaTeX Info: Redefining \sffamily on input line 77.

(c:/Users/genperk/AppData/Roaming/TinyTeX/texmf-dist/tex/latex/upquote/upquote.
sty
Package: upquote 2012/04/19 v1.3 upright-quote and grave-accent glyphs in verba
tim

(c:/Users/genperk/AppData/Roaming/TinyTeX/texmf-dist/tex/latex/base/textcomp.st
y
Package: textcomp 2018/08/11 v2.0j Standard LaTeX package
Package textcomp Info: Sub-encoding information:
(textcomp)               5 = only ISO-Adobe without \textcurrency
(textcomp)               4 = 5 + \texteuro
(textcomp)               3 = 4 + \textohm
(textcomp)               2 = 3 + \textestimated + \textcurrency
(textcomp)               1 = TS1 - \textcircled - \t
(textcomp)               0 = TS1 (full)
(textcomp)             Font families with sub-encoding setting implement
(textcomp)             only a restricted character set as indicated.
(textcomp)             Family '?' is the default used for unknown fonts.
(textcomp)             See the documentation for details.
Package textcomp Info: Setting ? sub-encoding to TS1/1 on input line 79.
(c:/Users/genperk/AppData/Roaming/TinyTeX/texmf-dist/tex/latex/base/ts1enc.def
File: ts1enc.def 2001/06/05 v3.0e (jk/car/fm) Standard LaTeX file
)
LaTeX Info: Redefining \oldstylenums on input line 334.
Package textcomp Info: Setting cmr sub-encoding to TS1/0 on input line 349.
Package textcomp Info: Setting cmss sub-encoding to TS1/0 on input line 350.
Package textcomp Info: Setting cmtt sub-encoding to TS1/0 on input line 351.
Package textcomp Info: Setting cmvtt sub-encoding to TS1/0 on input line 352.
Package textcomp Info: Setting cmbr sub-encoding to TS1/0 on input line 353.
Package textcomp Info: Setting cmtl sub-encoding to TS1/0 on input line 354.
Package textcomp Info: Setting ccr sub-encoding to TS1/0 on input line 355.
Package textcomp Info: Setting ptm sub-encoding to TS1/4 on input line 356.
Package textcomp Info: Setting pcr sub-encoding to TS1/4 on input line 357.
Package textcomp Info: Setting phv sub-encoding to TS1/4 on input line 358.
Package textcomp Info: Setting ppl sub-encoding to TS1/3 on input line 359.
Package textcomp Info: Setting pag sub-encoding to TS1/4 on input line 360.
Package textcomp Info: Setting pbk sub-encoding to TS1/4 on input line 361.
Package textcomp Info: Setting pnc sub-encoding to TS1/4 on input line 362.
Package textcomp Info: Setting pzc sub-encoding to TS1/4 on input line 363.
Package textcomp Info: Setting bch sub-encoding to TS1/4 on input line 364.
Package textcomp Info: Setting put sub-encoding to TS1/5 on input line 365.
Package textcomp Info: Setting uag sub-encoding to TS1/5 on input line 366.
Package textcomp Info: Setting ugq sub-encoding to TS1/5 on input line 367.
Package textcomp Info: Setting ul8 sub-encoding to TS1/4 on input line 368.
Package textcomp Info: Setting ul9 sub-encoding to TS1/4 on input line 369.
Package textcomp Info: Setting augie sub-encoding to TS1/5 on input line 370.
Package textcomp Info: Setting dayrom sub-encoding to TS1/3 on input line 371.
Package textcomp Info: Setting dayroms sub-encoding to TS1/3 on input line 372.

Package textcomp Info: Setting pxr sub-encoding to TS1/0 on input line 373.
Package textcomp Info: Setting pxss sub-encoding to TS1/0 on input line 374.
Package textcomp Info: Setting pxtt sub-encoding to TS1/0 on input line 375.
Package textcomp Info: Setting txr sub-encoding to TS1/0 on input line 376.
Package textcomp Info: Setting txss sub-encoding to TS1/0 on input line 377.
Package textcomp Info: Setting txtt sub-encoding to TS1/0 on input line 378.
Package textcomp Info: Setting lmr sub-encoding to TS1/0 on input line 379.
Package textcomp Info: Setting lmdh sub-encoding to TS1/0 on input line 380.
Package textcomp Info: Setting lmss sub-encoding to TS1/0 on input line 381.
Package textcomp Info: Setting lmssq sub-encoding to TS1/0 on input line 382.
Package textcomp Info: Setting lmvtt sub-encoding to TS1/0 on input line 383.
Package textcomp Info: Setting lmtt sub-encoding to TS1/0 on input line 384.
Package textcomp Info: Setting qhv sub-encoding to TS1/0 on input line 385.
Package textcomp Info: Setting qag sub-encoding to TS1/0 on input line 386.
Package textcomp Info: Setting qbk sub-encoding to TS1/0 on input line 387.
Package textcomp Info: Setting qcr sub-encoding to TS1/0 on input line 388.
Package textcomp Info: Setting qcs sub-encoding to TS1/0 on input line 389.
Package textcomp Info: Setting qpl sub-encoding to TS1/0 on input line 390.
Package textcomp Info: Setting qtm sub-encoding to TS1/0 on input line 391.
Package textcomp Info: Setting qzc sub-encoding to TS1/0 on input line 392.
Package textcomp Info: Setting qhvc sub-encoding to TS1/0 on input line 393.
Package textcomp Info: Setting futs sub-encoding to TS1/4 on input line 394.
Package textcomp Info: Setting futx sub-encoding to TS1/4 on input line 395.
Package textcomp Info: Setting futj sub-encoding to TS1/4 on input line 396.
Package textcomp Info: Setting hlh sub-encoding to TS1/3 on input line 397.
Package textcomp Info: Setting hls sub-encoding to TS1/3 on input line 398.
Package textcomp Info: Setting hlst sub-encoding to TS1/3 on input line 399.
Package textcomp Info: Setting hlct sub-encoding to TS1/5 on input line 400.
Package textcomp Info: Setting hlx sub-encoding to TS1/5 on input line 401.
Package textcomp Info: Setting hlce sub-encoding to TS1/5 on input line 402.
Package textcomp Info: Setting hlcn sub-encoding to TS1/5 on input line 403.
Package textcomp Info: Setting hlcw sub-encoding to TS1/5 on input line 404.
Package textcomp Info: Setting hlcf sub-encoding to TS1/5 on input line 405.
Package textcomp Info: Setting pplx sub-encoding to TS1/3 on input line 406.
Package textcomp Info: Setting pplj sub-encoding to TS1/3 on input line 407.
Package textcomp Info: Setting ptmx sub-encoding to TS1/4 on input line 408.
Package textcomp Info: Setting ptmj sub-encoding to TS1/4 on input line 409.
))
(c:/Users/genperk/AppData/Roaming/TinyTeX/texmf-dist/tex/latex/hyperref/hyperre
f.sty
Package: hyperref 2019/06/12 v6.88h Hypertext links for LaTeX

(c:/Users/genperk/AppData/Roaming/TinyTeX/texmf-dist/tex/generic/oberdiek/hobsu
b-hyperref.sty
Package: hobsub-hyperref 2016/05/16 v1.14 Bundle oberdiek, subset hyperref (HO)


(c:/Users/genperk/AppData/Roaming/TinyTeX/texmf-dist/tex/generic/oberdiek/hobsu
b-generic.sty
Package: hobsub-generic 2016/05/16 v1.14 Bundle oberdiek, subset generic (HO)
Package: hobsub 2016/05/16 v1.14 Construct package bundles (HO)
Package hobsub Info: Skipping package `infwarerr' (already loaded).
Package hobsub Info: Skipping package `ltxcmds' (already loaded).
Package hobsub Info: Skipping package `ifluatex' (already loaded).
Package hobsub Info: Skipping package `ifvtex' (already loaded).
Package: intcalc 2016/05/16 v1.2 Expandable calculations with integers (HO)
Package hobsub Info: Skipping package `ifpdf' (already loaded).
Package hobsub Info: Skipping package `etexcmds' (already loaded).
Package hobsub Info: Skipping package `kvsetkeys' (already loaded).
Package: kvdefinekeys 2016/05/16 v1.4 Define keys (HO)
Package hobsub Info: Skipping package `pdftexcmds' (already loaded).
Package: pdfescape 2016/05/16 v1.14 Implements pdfTeX's escape features (HO)
Package: bigintcalc 2016/05/16 v1.4 Expandable calculations on big integers (HO
)
Package: bitset 2016/05/16 v1.2 Handle bit-vector datatype (HO)
Package: uniquecounter 2016/05/16 v1.3 Provide unlimited unique counter (HO)
)
Package hobsub Info: Skipping package `hobsub' (already loaded).
Package: letltxmacro 2016/05/16 v1.5 Let assignment for LaTeX macros (HO)
Package: hopatch 2016/05/16 v1.3 Wrapper for package hooks (HO)
Package: xcolor-patch 2016/05/16 xcolor patch
Package: atveryend 2016/05/16 v1.9 Hooks at the very end of document (HO)
Package: atbegshi 2016/06/09 v1.18 At begin shipout hook (HO)
Package: refcount 2016/05/16 v3.5 Data extraction from label references (HO)
Package: hycolor 2016/05/16 v1.8 Color options for hyperref/bookmark (HO)
)
(c:/Users/genperk/AppData/Roaming/TinyTeX/texmf-dist/tex/latex/oberdiek/auxhook
.sty
Package: auxhook 2016/05/16 v1.4 Hooks for auxiliary files (HO)
)
\@linkdim=\dimen165
\Hy@linkcounter=\count281
\Hy@pagecounter=\count282

(c:/Users/genperk/AppData/Roaming/TinyTeX/texmf-dist/tex/latex/hyperref/pd1enc.
def
File: pd1enc.def 2019/06/12 v6.88h Hyperref: PDFDocEncoding definition (HO)
)
\Hy@SavedSpaceFactor=\count283

(c:/Users/genperk/AppData/Roaming/TinyTeX/texmf-dist/tex/latex/latexconfig/hype
rref.cfg
File: hyperref.cfg 2002/06/06 v1.2 hyperref configuration of TeXLive
)
Package hyperref Info: Option `setpagesize' set `false' on input line 4424.
Package hyperref Info: Option `unicode' set `false' on input line 4424.
Package hyperref Info: Hyper figures OFF on input line 4550.
Package hyperref Info: Link nesting OFF on input line 4555.
Package hyperref Info: Hyper index ON on input line 4558.
Package hyperref Info: Plain pages OFF on input line 4565.
Package hyperref Info: Backreferencing OFF on input line 4570.
Package hyperref Info: Implicit mode ON; LaTeX internals redefined.
Package hyperref Info: Bookmarks ON on input line 4803.
\c@Hy@tempcnt=\count284
(c:/Users/genperk/AppData/Roaming/TinyTeX/texmf-dist/tex/latex/url/url.sty
\Urlmuskip=\muskip17
Package: url 2013/09/16  ver 3.4  Verb mode for urls, etc.
)
LaTeX Info: Redefining \url on input line 5156.
\XeTeXLinkMargin=\dimen166
\Fld@menulength=\count285
\Field@Width=\dimen167
\Fld@charsize=\dimen168
Package hyperref Info: Hyper figures OFF on input line 6411.
Package hyperref Info: Link nesting OFF on input line 6416.
Package hyperref Info: Hyper index ON on input line 6419.
Package hyperref Info: backreferencing OFF on input line 6426.
Package hyperref Info: Link coloring OFF on input line 6431.
Package hyperref Info: Link coloring with OCG OFF on input line 6436.
Package hyperref Info: PDF/A mode OFF on input line 6441.
LaTeX Info: Redefining \ref on input line 6481.
LaTeX Info: Redefining \pageref on input line 6485.
\Hy@abspage=\count286
\c@Item=\count287
\c@Hfootnote=\count288
)
Package hyperref Info: Driver: hxetex.

(c:/Users/genperk/AppData/Roaming/TinyTeX/texmf-dist/tex/latex/hyperref/hxetex.
def
File: hxetex.def 2019/06/12 v6.88h Hyperref driver for XeTeX

(c:/Users/genperk/AppData/Roaming/TinyTeX/texmf-dist/tex/latex/hyperref/puenc.d
ef
File: puenc.def 2019/06/12 v6.88h Hyperref: PDF Unicode definition (HO)
)
(c:/Users/genperk/AppData/Roaming/TinyTeX/texmf-dist/tex/generic/oberdiek/strin
genc.sty
Package: stringenc 2016/05/16 v1.11 Convert strings between diff. encodings (HO
)
)
\pdfm@box=\box54
\c@Hy@AnnotLevel=\count289
\HyField@AnnotCount=\count290
\Fld@listcount=\count291
\c@bookmark@seq@number=\count292

(c:/Users/genperk/AppData/Roaming/TinyTeX/texmf-dist/tex/latex/oberdiek/rerunfi
lecheck.sty
Package: rerunfilecheck 2016/05/16 v1.8 Rerun checks for auxiliary files (HO)
Package uniquecounter Info: New unique counter `rerunfilecheck' on input line 2
82.
)
\Hy@SectionHShift=\skip75
)
Package hyperref Info: Option `breaklinks' set `true' on input line 97.

Package hyperref Warning: Option `bookmarks' has already been used,
(hyperref)                setting the option has no effect on input line 97.


(c:/Users/genperk/AppData/Roaming/TinyTeX/texmf-dist/tex/generic/oberdiek/se-as
cii-print.def
File: se-ascii-print.def 2016/05/16 v1.11 stringenc: Printable ASCII characters

)
Package hyperref Info: Option `colorlinks' set `true' on input line 97.
(./grizzly-bear-status-indicator.aux)
\openout1 = `grizzly-bear-status-indicator.aux'.

LaTeX Font Info:    Checking defaults for OML/cmm/m/it on input line 116.
LaTeX Font Info:    ... okay on input line 116.
LaTeX Font Info:    Checking defaults for T1/cmr/m/n on input line 116.
LaTeX Font Info:    ... okay on input line 116.
LaTeX Font Info:    Checking defaults for OT1/cmr/m/n on input line 116.
LaTeX Font Info:    ... okay on input line 116.
LaTeX Font Info:    Checking defaults for OMS/cmsy/m/n on input line 116.
LaTeX Font Info:    ... okay on input line 116.
LaTeX Font Info:    Checking defaults for TU/lmr/m/n on input line 116.
LaTeX Font Info:    ... okay on input line 116.
LaTeX Font Info:    Checking defaults for OMX/cmex/m/n on input line 116.
LaTeX Font Info:    ... okay on input line 116.
LaTeX Font Info:    Checking defaults for U/cmr/m/n on input line 116.
LaTeX Font Info:    ... okay on input line 116.
LaTeX Font Info:    Checking defaults for T3/cmr/m/n on input line 116.
LaTeX Font Info:    Try loading font information for T3+cmr on input line 116.
(c:/Users/genperk/AppData/Roaming/TinyTeX/texmf-dist/tex/latex/tipa/t3cmr.fd
File: t3cmr.fd 2001/12/31 TIPA font definitions
)
LaTeX Font Info:    ... okay on input line 116.
LaTeX Font Info:    Checking defaults for TS1/cmr/m/n on input line 116.
LaTeX Font Info:    Try loading font information for TS1+cmr on input line 116.

(c:/Users/genperk/AppData/Roaming/TinyTeX/texmf-dist/tex/latex/base/ts1cmr.fd
File: ts1cmr.fd 2014/09/29 v2.5h Standard LaTeX font definitions
)
LaTeX Font Info:    ... okay on input line 116.
LaTeX Font Info:    Checking defaults for PD1/pdf/m/n on input line 116.
LaTeX Font Info:    ... okay on input line 116.
LaTeX Font Info:    Checking defaults for PU/pdf/m/n on input line 116.
LaTeX Font Info:    ... okay on input line 116.
*geometry* driver: auto-detecting
*geometry* detected driver: xetex

Package geometry Warning: The marginal notes overrun the paper.
     Add 1.45901pt and more to the right margin.

*geometry* verbose mode - [ preamble ] result:
* driver: xetex
* paper: a4paper
* layout: <same size as paper>
* layoutoffset:(h,v)=(0.0pt,0.0pt)
* modes: 
* h-part:(L,W,R)=(71.13188pt, 455.24411pt, 71.13188pt)
* v-part:(T,H,B)=(99.58464pt, 674.33032pt, 71.13188pt)
* \paperwidth=597.50787pt
* \paperheight=845.04684pt
* \textwidth=455.24411pt
* \textheight=674.33032pt
* \oddsidemargin=-1.1381pt
* \evensidemargin=-1.1381pt
* \topmargin=-29.59084pt
* \headheight=42.67912pt
* \headsep=14.22636pt
* \topskip=11.0pt
* \footskip=47.6pt
* \marginparwidth=59.7508pt
* \marginparsep=12.8401pt
* \columnsep=10.0pt
* \skip\footins=10.0pt plus 4.0pt minus 2.0pt
* \hoffset=0.0pt
* \voffset=0.0pt
* \mag=1000
* \@twocolumnfalse
* \@twosidefalse
* \@mparswitchfalse
* \@reversemarginfalse
* (1in=72.27pt=25.4mm, 1cm=28.453pt)

Package caption Info: Begin \AtBeginDocument code.
Package caption Info: hyperref package is loaded.
Package caption Info: End \AtBeginDocument code.
\AtBeginShipoutBox=\box55

(c:/Users/genperk/AppData/Roaming/TinyTeX/texmf-dist/tex/latex/graphics/color.s
ty
Package: color 2016/07/10 v1.1e Standard LaTeX Color (DPC)

(c:/Users/genperk/AppData/Roaming/TinyTeX/texmf-dist/tex/latex/graphics-cfg/col
or.cfg
File: color.cfg 2016/01/02 v1.6 sample color configuration
)
Package color Info: Driver file: xetex.def on input line 147.
)
Package hyperref Info: Link coloring ON on input line 116.

(c:/Users/genperk/AppData/Roaming/TinyTeX/texmf-dist/tex/latex/hyperref/nameref
.sty
Package: nameref 2016/05/21 v2.44 Cross-referencing by name of section

(c:/Users/genperk/AppData/Roaming/TinyTeX/texmf-dist/tex/generic/oberdiek/getti
tlestring.sty
Package: gettitlestring 2016/05/16 v1.5 Cleanup title references (HO)
)
\c@section@level=\count293
)
LaTeX Info: Redefining \ref on input line 116.
LaTeX Info: Redefining \pageref on input line 116.
LaTeX Info: Redefining \nameref on input line 116.
(./grizzly-bear-status-indicator.out) (./grizzly-bear-status-indicator.out)
\@outlinefile=\write3
\openout3 = `grizzly-bear-status-indicator.out'.

Class scrartcl Info: loading recommended package `bookmark'.
(scrartcl)           Using `bookmark' together with `hyperref' is recommended,
(scrartcl)           because of handling of possible bookmark level gaps.
(scrartcl)           You can avoid loading `bookmark' with KOMA-Script option
(scrartcl)           `bookmarkpackage=false' before \begin{document} and
(scrartcl)           you can avoid this message with `\usepackage{bookmark}'
(scrartcl)           before \begin{document} on input line 116.

(c:/Users/genperk/AppData/Roaming/TinyTeX/texmf-dist/tex/latex/oberdiek/bookmar
k.sty
Package: bookmark 2019/06/04 v1.27 PDF bookmarks (HO)

(c:/Users/genperk/AppData/Roaming/TinyTeX/texmf-dist/tex/latex/oberdiek/bkm-dvi
pdfm.def
File: bkm-dvipdfm.def 2019/06/04 v1.27 bookmark driver for dvipdfm (HO)
\BKM@id=\count294
))
LaTeX Font Info:    Font shape `TU/Calibri(0)/m/n' will be
(Font)              scaled to size 10.16353pt on input line 118.
LaTeX Font Info:    Font shape `TU/Calibri(0)/bx/n' will be
(Font)              scaled to size 10.06828pt on input line 118.
LaTeX Font Info:    Font shape `TU/Calibri(0)/bx/n' will be
(Font)              scaled to size 19.06999pt on input line 118.
File: C:/Users/genperk/R/win-library/3.5/envreportutils.internal/rmarkdown/temp
lates/print_ver/resources/img/plants-and-animals.png Graphic file (type bmp)
<C:/Users/genperk/R/win-library/3.5/envreportutils.internal/rmarkdown/templates
/print_ver/resources/img/plants-and-animals.png>
LaTeX Font Info:    Font shape `TU/Calibri(0)/bx/n' will be
(Font)              scaled to size 22.87665pt on input line 118.
LaTeX Font Info:    Font shape `TU/Calibri(0)/bx/n' will be
(Font)              scaled to size 11.03375pt on input line 118.
LaTeX Font Info:    Font shape `TU/Calibri(0)/bx/n' will be
(Font)              scaled to size 15.8886pt on input line 118.
LaTeX Font Info:    Font shape `TU/PalatinoLinotype(0)/m/n' will be
(Font)              scaled to size 11.96872pt on input line 118.
LaTeX Font Info:    Try loading font information for U+msa on input line 118.

(c:/Users/genperk/AppData/Roaming/TinyTeX/texmf-dist/tex/latex/amsfonts/umsa.fd
File: umsa.fd 2013/01/14 v3.01 AMS symbols A
)
LaTeX Font Info:    Try loading font information for U+msb on input line 118.

(c:/Users/genperk/AppData/Roaming/TinyTeX/texmf-dist/tex/latex/amsfonts/umsb.fd
File: umsb.fd 2013/01/14 v3.01 AMS symbols B
)

LaTeX Warning: No \author given.


Package fontspec Info: Palatino Linotype scale = 0.8311615720524018.


Package fontspec Info: Palatino Linotype scale = 0.8311615720524018.


Package fontspec Info: Palatino Linotype scale = 0.8311615720524018.


Package fontspec Info: Palatino Linotype/B scale = 0.8311615720524018.


Package fontspec Info: Palatino Linotype/B scale = 0.8311615720524018.


Package fontspec Info: Palatino Linotype/I scale = 0.8311615720524018.


Package fontspec Info: Palatino Linotype/I scale = 0.8311615720524018.


Package fontspec Info: Palatino Linotype/BI scale = 0.8311615720524018.


Package fontspec Info: Palatino Linotype/BI scale = 0.8311615720524018.


Package fontspec Info: Font family 'PalatinoLinotype(1)' created for font
(fontspec)             'Palatino Linotype' with options
(fontspec)             [Mapping=tex-text,Scale=MatchLowercase,Ligatures=TeX,Ver
ticalPosition=Superior].
(fontspec)              
(fontspec)              This font family consists of the following NFSS
(fontspec)             series/shapes:
(fontspec)              
(fontspec)             - 'normal' (m/n) with NFSS spec.:
(fontspec)             <->s*[0.8311615720524018]"Palatino
(fontspec)             Linotype/OT:script=latn;language=DFLT;+sups;mapping=tex-
text;"
(fontspec)             - 'small caps'  (m/sc) with NFSS spec.:
(fontspec)             <->s*[0.8311615720524018]"Palatino
(fontspec)             Linotype/OT:script=latn;language=DFLT;+sups;+smcp;mappin
g=tex-text;"
(fontspec)             - 'bold' (bx/n) with NFSS spec.:
(fontspec)             <->s*[0.8311615720524018]"Palatino
(fontspec)             Linotype/B/OT:script=latn;language=DFLT;+sups;mapping=te
x-text;"
(fontspec)             - 'bold small caps'  (bx/sc) with NFSS spec.:
(fontspec)             <->s*[0.8311615720524018]"Palatino
(fontspec)             Linotype/B/OT:script=latn;language=DFLT;+sups;+smcp;mapp
ing=tex-text;"
(fontspec)             - 'italic' (m/it) with NFSS spec.:
(fontspec)             <->s*[0.8311615720524018]"Palatino
(fontspec)             Linotype/I/OT:script=latn;language=DFLT;+sups;mapping=te
x-text;"
(fontspec)             - 'italic small caps'  (m/itsc) with NFSS spec.:
(fontspec)             <->s*[0.8311615720524018]"Palatino
(fontspec)             Linotype/I/OT:script=latn;language=DFLT;+sups;+smcp;mapp
ing=tex-text;"
(fontspec)             - 'bold italic' (bx/it) with NFSS spec.:
(fontspec)             <->s*[0.8311615720524018]"Palatino
(fontspec)             Linotype/BI/OT:script=latn;language=DFLT;+sups;mapping=t
ex-text;"
(fontspec)             - 'bold italic small caps'  (bx/itsc) with NFSS spec.:
(fontspec)             <->s*[0.8311615720524018]"Palatino
(fontspec)             Linotype/BI/OT:script=latn;language=DFLT;+sups;+smcp;map
ping=tex-text;"

LaTeX Font Info:    Font shape `TU/PalatinoLinotype(1)/m/n' will be
(Font)              scaled to size 9.10121pt on input line 124.

Package fontspec Info: Palatino Linotype scale = 0.8311615720524018.


Package fontspec Info: Palatino Linotype scale = 0.8311615720524018.


Package fontspec Info: Palatino Linotype scale = 0.8311615720524018.


Package fontspec Info: Palatino Linotype scale = 0.8311615720524018.

File: C:/Users/genperk/R/win-library/3.5/envreportutils.internal/rmarkdown/temp
lates/print_ver/resources/img/MoE_EnvReportBC.pdf Graphic file (type pdf)
<use C:/Users/genperk/R/win-library/3.5/envreportutils.internal/rmarkdown/templ
ates/print_ver/resources/img/MoE_EnvReportBC.pdf>

Package Fancyhdr Warning: \headheight is too small (42.67912pt): 
Make it at least 59.08003pt.
We now make it that large for the rest of the document.
This may cause the page layout to be inconsistent, however.

[1


]
File: C:/Users/genperk/R/win-library/3.5/envreportutils.internal/rmarkdown/temp
lates/print_ver/resources/img/MoE_EnvReportBC.pdf Graphic file (type pdf)
<use C:/Users/genperk/R/win-library/3.5/envreportutils.internal/rmarkdown/templ
ates/print_ver/resources/img/MoE_EnvReportBC.pdf>
[2]
File: C:/Users/genperk/R/win-library/3.5/envreportutils.internal/rmarkdown/temp
lates/print_ver/resources/img/MoE_EnvReportBC.pdf Graphic file (type pdf)
<use C:/Users/genperk/R/win-library/3.5/envreportutils.internal/rmarkdown/templ
ates/print_ver/resources/img/MoE_EnvReportBC.pdf>
[3]
File: C:/Users/genperk/R/win-library/3.5/envreportutils.internal/rmarkdown/temp
lates/print_ver/resources/img/MoE_EnvReportBC.pdf Graphic file (type pdf)
<use C:/Users/genperk/R/win-library/3.5/envreportutils.internal/rmarkdown/templ
ates/print_ver/resources/img/MoE_EnvReportBC.pdf>
[4]
File: ./othreat_plot.png Graphic file (type bmp)
<./othreat_plot.png>
File: ./threat_sum_plot.png Graphic file (type bmp)
<./threat_sum_plot.png>
File: C:/Users/genperk/R/win-library/3.5/envreportutils.internal/rmarkdown/temp
lates/print_ver/resources/img/MoE_EnvReportBC.pdf Graphic file (type pdf)
<use C:/Users/genperk/R/win-library/3.5/envreportutils.internal/rmarkdown/templ
ates/print_ver/resources/img/MoE_EnvReportBC.pdf>
[5]
File: C:/Users/genperk/R/win-library/3.5/envreportutils.internal/rmarkdown/temp
lates/print_ver/resources/img/MoE_EnvReportBC.pdf Graphic file (type pdf)
<use C:/Users/genperk/R/win-library/3.5/envreportutils.internal/rmarkdown/templ
ates/print_ver/resources/img/MoE_EnvReportBC.pdf>
[6]
File: ./radar_plot.png Graphic file (type bmp)
<./radar_plot.png>

Package fontspec Info: Palatino Linotype scale = 0.8311615720524018.

File: C:/Users/genperk/R/win-library/3.5/envreportutils.internal/rmarkdown/temp
lates/print_ver/resources/img/MoE_EnvReportBC.pdf Graphic file (type pdf)
<use C:/Users/genperk/R/win-library/3.5/envreportutils.internal/rmarkdown/templ
ates/print_ver/resources/img/MoE_EnvReportBC.pdf>
[7]
File: C:/Users/genperk/R/win-library/3.5/envreportutils.internal/rmarkdown/temp
lates/print_ver/resources/img/MoE_EnvReportBC.pdf Graphic file (type pdf)
<use C:/Users/genperk/R/win-library/3.5/envreportutils.internal/rmarkdown/templ
ates/print_ver/resources/img/MoE_EnvReportBC.pdf>
[8]

Package fontspec Info: Palatino Linotype scale = 0.8311615720524018.


Package fontspec Info: Palatino Linotype scale = 0.8311615720524018.

LaTeX Font Info:    Font shape `TU/PalatinoLinotype(0)/m/it' will be
(Font)              scaled to size 9.10121pt on input line 294.
Package atveryend Info: Empty hook `BeforeClearDocument' on input line 299.
File: C:/Users/genperk/R/win-library/3.5/envreportutils.internal/rmarkdown/temp
lates/print_ver/resources/img/MoE_EnvReportBC.pdf Graphic file (type pdf)
<use C:/Users/genperk/R/win-library/3.5/envreportutils.internal/rmarkdown/templ
ates/print_ver/resources/img/MoE_EnvReportBC.pdf>
[9]
Package atveryend Info: Empty hook `AfterLastShipout' on input line 299.
(./grizzly-bear-status-indicator.aux)
Package atveryend Info: Empty hook `AtVeryEndDocument' on input line 299.
Package atveryend Info: Executing hook `AtEndAfterFileList' on input line 299.
Package rerunfilecheck Info: File `grizzly-bear-status-indicator.out' has not c
hanged.
(rerunfilecheck)             Checksum: D41D8CD98F00B204E9800998ECF8427E.
 ) 
Here is how much of TeX's memory you used:
 29600 strings out of 494894
 554484 string characters out of 6175523
 742383 words of memory out of 5000000
 33251 multiletter control sequences out of 15000+600000
 540217 words of font info for 88 fonts, out of 8000000 for 9000
 14 hyphenation exceptions out of 8191
 55i,15n,116p,9108b,446s stack positions out of 5000i,500n,10000p,200000b,80000s

Output written on grizzly-bear-status-indicator.pdf (9 pages).
